app/build/intermediates/manifest_merge_blame_file/debug/manifest-merger-blame-debug-report.txt
1<?xml version="1.0" encoding="utf-8"?>
2<manifest xmlns:android="http://schemas.android.com/apk/res/android"
3    package="com.secucen.appiron.campingdiary"
4    android:versionCode="2"
5    android:versionName="1.0.0" >
6
7    <uses-sdk
8        android:minSdkVersion="16"
8-->src\main\AndroidManifest.xml
9        android:targetSdkVersion="29" />
9-->src\main\AndroidManifest.xml
10
11    <uses-permission android:name="android.permission.INTERNET" />
11-->src\main\AndroidManifest.xml:5:5-67
11-->src\main\AndroidManifest.xml:5:22-64
12
13    <application
13-->src\main\AndroidManifest.xml:7:5-37:19
14        android:allowBackup="true"
14-->src\main\AndroidManifest.xml:8:9-35
15        android:appComponentFactory="android.support.v4.app.CoreComponentFactory"
15-->[com.android.support:support-compat:28.0.0] AndroidManifest.xml:22:18-91
16        android:debuggable="true"
17        android:icon="@mipmap/ic_launcher"
17-->src\main\AndroidManifest.xml:9:9-43
18        android:label="@string/app_name"
18-->src\main\AndroidManifest.xml:10:9-41
19        android:theme="@style/AppTheme" >
19-->src\main\AndroidManifest.xml:11:9-40
20        <activity
20-->src\main\AndroidManifest.xml:12:9-19:20
21            android:name="com.secucen.appiron.campingdiary.SplashActivity"
21-->src\main\AndroidManifest.xml:13:13-43
22            android:theme="@style/SplashTheme" >
22-->src\main\AndroidManifest.xml:14:13-47
23            <intent-filter>
23-->src\main\AndroidManifest.xml:15:13-18:29
24                <action android:name="android.intent.action.MAIN" />
24-->src\main\AndroidManifest.xml:16:17-69
24-->src\main\AndroidManifest.xml:16:25-66
25
26                <category android:name="android.intent.category.LAUNCHER" />
26-->src\main\AndroidManifest.xml:17:17-77
26-->src\main\AndroidManifest.xml:17:27-74
27            </intent-filter>
28        </activity>
29        <activity
29-->src\main\AndroidManifest.xml:20:9-22:54
30            android:name="com.secucen.appiron.campingdiary.VisitActivity"
30-->src\main\AndroidManifest.xml:21:13-42
31            android:theme="@style/Theme.AppCompat" />
31-->src\main\AndroidManifest.xml:22:13-51
32        <activity
32-->src\main\AndroidManifest.xml:23:9-30:20
33            android:name="com.secucen.appiron.campingdiary.MainActivity"
33-->src\main\AndroidManifest.xml:24:13-41
34            android:label="@string/app_name" >
34-->src\main\AndroidManifest.xml:25:13-45
35            <intent-filter>
35-->src\main\AndroidManifest.xml:26:13-29:29
36                <action android:name="android.intent.action.MAIN" />
36-->src\main\AndroidManifest.xml:16:17-69
36-->src\main\AndroidManifest.xml:16:25-66
37                <!-- <category android:name="android.intent.category.LAUNCHER" /> -->
38            </intent-filter>
39        </activity>
40
41        <service
41-->src\main\AndroidManifest.xml:32:9-36:52
42            android:name="com.barun.appiron.android.service.AppIronService"
42-->src\main\AndroidManifest.xml:33:13-76
43            android:enabled="true"
43-->src\main\AndroidManifest.xml:34:13-35
44            android:isolatedProcess="true"
44-->src\main\AndroidManifest.xml:35:13-43
45            android:process=":tmpAppIronService" />
45-->src\main\AndroidManifest.xml:36:13-49
46    </application>
47
48</manifest>